<?xml version="1.0" encoding="UTF-8"?>
<testng-results ignored="0" total="2" passed="2" failed="0" skipped="0">
  <reporter-output>
  </reporter-output>
  <suite started-at="2025-04-16T18:16:07 IST" name="Suite" finished-at="2025-04-16T18:16:07 IST" duration-ms="47">
    <groups>
    </groups>
    <test started-at="2025-04-16T18:16:07 IST" name="personal" finished-at="2025-04-16T18:16:07 IST" duration-ms="47">
      <class name="testng.day1">
        <test-method signature="first()[pri:0, instance:testng.day1@c33b74f]" started-at="2025-04-16T18:16:07 IST" name="first" finished-at="2025-04-16T18:16:07 IST" duration-ms="9" status="PASS">
          <reporter-output>
          </reporter-output>
        </test-method> <!-- first -->
      </class> <!-- testng.day1 -->
      <class name="testng.day2">
        <test-method signature="second()[pri:0, instance:testng.day2@243c4f91]" started-at="2025-04-16T18:16:07 IST" name="second" finished-at="2025-04-16T18:16:07 IST" duration-ms="0" status="PASS">
          <reporter-output>
          </reporter-output>
        </test-method> <!-- second -->
      </class> <!-- testng.day2 -->
    </test> <!-- personal -->
  </suite> <!-- Suite -->
</testng-results>
