<?xml version="1.0" encoding="UTF-8"?>
<testng-results ignored="0" total="2" passed="2" failed="0" skipped="0">
  <reporter-output>
  </reporter-output>
  <suite started-at="2025-04-15T17:37:29 IST" name="Suite" finished-at="2025-04-15T17:37:29 IST" duration-ms="67">
    <groups>
    </groups>
    <test started-at="2025-04-15T17:37:29 IST" name="personal" finished-at="2025-04-15T17:37:29 IST" duration-ms="67">
      <class name="testng.day1">
        <test-method signature="first()[pri:0, instance:testng.day1@7c7b252e]" started-at="2025-04-15T17:37:29 IST" name="first" finished-at="2025-04-15T17:37:29 IST" duration-ms="12" status="PASS">
          <reporter-output>
          </reporter-output>
        </test-method> <!-- first -->
      </class> <!-- testng.day1 -->
      <class name="testng.day2">
        <test-method signature="second()[pri:0, instance:testng.day2@1aafa419]" started-at="2025-04-15T17:37:29 IST" name="second" finished-at="2025-04-15T17:37:29 IST" duration-ms="2" status="PASS">
          <reporter-output>
          </reporter-output>
        </test-method> <!-- second -->
      </class> <!-- testng.day2 -->
    </test> <!-- personal -->
  </suite> <!-- Suite -->
</testng-results>
